mode: set
gateway/internal/valid/authenticate.go:9.66,20.16 8 0
gateway/internal/valid/authenticate.go:25.2,29.28 3 0
gateway/internal/valid/authenticate.go:32.2,32.21 1 0
gateway/internal/valid/authenticate.go:20.16,22.3 1 0
gateway/internal/valid/authenticate.go:29.28,31.3 1 0
gateway/internal/valid/sendRequest.go:10.73,13.33 2 1
gateway/internal/valid/sendRequest.go:16.2,25.31 7 1
gateway/internal/valid/sendRequest.go:30.2,33.16 2 1
gateway/internal/valid/sendRequest.go:40.2,40.31 1 0
gateway/internal/valid/sendRequest.go:52.2,57.8 4 0
gateway/internal/valid/sendRequest.go:13.33,15.3 1 1
gateway/internal/valid/sendRequest.go:25.31,27.3 1 1
gateway/internal/valid/sendRequest.go:33.16,37.3 3 1
gateway/internal/valid/sendRequest.go:40.31,42.3 1 0
gateway/internal/valid/signature.go:15.69,22.33 3 1
gateway/internal/valid/signature.go:30.2,33.49 3 1
gateway/internal/valid/signature.go:38.2,39.32 2 1
gateway/internal/valid/signature.go:45.2,52.39 4 1
gateway/internal/valid/signature.go:57.2,57.18 1 1
gateway/internal/valid/signature.go:22.33,23.43 1 1
gateway/internal/valid/signature.go:26.3,26.41 1 1
gateway/internal/valid/signature.go:23.43,25.4 1 1
gateway/internal/valid/signature.go:26.41,28.4 1 1
gateway/internal/valid/signature.go:33.49,36.3 1 1
gateway/internal/valid/signature.go:39.32,41.3 1 1
gateway/internal/valid/signature.go:41.8,41.40 1 0
gateway/internal/valid/signature.go:41.40,43.3 1 0
gateway/internal/valid/signature.go:52.39,55.3 2 1
gateway/internal/valid/signature.go:61.39,79.2 6 1
gateway/internal/valid/signature.go:81.72,93.26 5 1
gateway/internal/valid/signature.go:98.2,104.30 5 1
gateway/internal/valid/signature.go:119.2,119.15 1 1
gateway/internal/valid/signature.go:93.26,96.3 2 1
gateway/internal/valid/signature.go:104.30,111.24 3 1
gateway/internal/valid/signature.go:116.3,116.6 1 1
gateway/internal/valid/signature.go:111.24,113.4 1 1
gateway/internal/valid/signature.go:113.9,115.4 1 0
gateway/internal/valid/signature.go:123.79,132.2 4 0
gateway/pkg/dep/sources/https---github.com-julienschmidt-httprouter/params_go17.go:20.69,22.60 1 1
gateway/pkg/dep/sources/https---github.com-julienschmidt-httprouter/params_go17.go:22.60,27.4 4 1
gateway/pkg/dep/sources/https---github.com-julienschmidt-httprouter/params_go17.go:35.52,38.2 2 0
gateway/pkg/dep/sources/https---github.com-julienschmidt-httprouter/path.go:21.33,23.13 1 1
gateway/pkg/dep/sources/https---github.com-julienschmidt-httprouter/path.go:27.2,38.17 5 1
gateway/pkg/dep/sources/https---github.com-julienschmidt-httprouter/path.go:44.2,50.12 2 1
gateway/pkg/dep/sources/https---github.com-julienschmidt-httprouter/path.go:101.2,101.23 1 1
gateway/pkg/dep/sources/https---github.com-julienschmidt-httprouter/path.go:106.2,106.16 1 1
gateway/pkg/dep/sources/https---github.com-julienschmidt-httprouter/path.go:109.2,109.24 1 1
gateway/pkg/dep/sources/https---github.com-julienschmidt-httprouter/path.go:23.13,25.3 1 1
gateway/pkg/dep/sources/https---github.com-julienschmidt-httprouter/path.go:38.17,42.3 3 1
gateway/pkg/dep/sources/https---github.com-julienschmidt-httprouter/path.go:50.12,51.10 1 1
gateway/pkg/dep/sources/https---github.com-julienschmidt-httprouter/path.go:52.20,54.7 1 1
gateway/pkg/dep/sources/https---github.com-julienschmidt-httprouter/path.go:56.32,58.7 2 1
gateway/pkg/dep/sources/https---github.com-julienschmidt-httprouter/path.go:60.37,62.10 1 1
gateway/pkg/dep/sources/https---github.com-julienschmidt-httprouter/path.go:64.68,68.13 2 1
gateway/pkg/dep/sources/https---github.com-julienschmidt-httprouter/path.go:83.11,86.13 1 1
gateway/pkg/dep/sources/https---github.com-julienschmidt-httprouter/path.go:92.4,92.29 1 1
gateway/pkg/dep/sources/https---github.com-julienschmidt-httprouter/path.go:68.13,72.19 2 1
gateway/pkg/dep/sources/https---github.com-julienschmidt-httprouter/path.go:72.19,73.31 1 1
gateway/pkg/dep/sources/https---github.com-julienschmidt-httprouter/path.go:73.31,75.7 1 1
gateway/pkg/dep/sources/https---github.com-julienschmidt-httprouter/path.go:76.11,77.33 1 1
gateway/pkg/dep/sources/https---github.com-julienschmidt-httprouter/path.go:77.33,79.7 1 1
gateway/pkg/dep/sources/https---github.com-julienschmidt-httprouter/path.go:86.13,89.5 2 1
gateway/pkg/dep/sources/https---github.com-julienschmidt-httprouter/path.go:92.29,96.5 3 1
gateway/pkg/dep/sources/https---github.com-julienschmidt-httprouter/path.go:101.23,104.3 2 1
gateway/pkg/dep/sources/https---github.com-julienschmidt-httprouter/path.go:106.16,108.3 1 1
gateway/pkg/dep/sources/https---github.com-julienschmidt-httprouter/path.go:113.51,114.17 1 1
gateway/pkg/dep/sources/https---github.com-julienschmidt-httprouter/path.go:122.2,122.15 1 1
gateway/pkg/dep/sources/https---github.com-julienschmidt-httprouter/path.go:114.17,115.16 1 1
gateway/pkg/dep/sources/https---github.com-julienschmidt-httprouter/path.go:119.3,120.20 2 1
gateway/pkg/dep/sources/https---github.com-julienschmidt-httprouter/path.go:115.16,117.4 1 1
gateway/pkg/dep/sources/https---github.com-julienschmidt-httprouter/router.go:101.45,102.20 1 1
gateway/pkg/dep/sources/https---github.com-julienschmidt-httprouter/router.go:107.2,107.11 1 1
gateway/pkg/dep/sources/https---github.com-julienschmidt-httprouter/router.go:102.20,103.24 1 1
gateway/pkg/dep/sources/https---github.com-julienschmidt-httprouter/router.go:103.24,105.4 1 1
gateway/pkg/dep/sources/https---github.com-julienschmidt-httprouter/router.go:169.20,176.2 1 1
gateway/pkg/dep/sources/https---github.com-julienschmidt-httprouter/router.go:179.50,181.2 1 1
gateway/pkg/dep/sources/https---github.com-julienschmidt-httprouter/router.go:184.51,186.2 1 1
gateway/pkg/dep/sources/https---github.com-julienschmidt-httprouter/router.go:189.54,191.2 1 1
gateway/pkg/dep/sources/https---github.com-julienschmidt-httprouter/router.go:194.51,196.2 1 1
gateway/pkg/dep/sources/https---github.com-julienschmidt-httprouter/router.go:199.50,201.2 1 1
gateway/pkg/dep/sources/https---github.com-julienschmidt-httprouter/router.go:204.52,206.2 1 1
gateway/pkg/dep/sources/https---github.com-julienschmidt-httprouter/router.go:209.53,211.2 1 1
gateway/pkg/dep/sources/https---github.com-julienschmidt-httprouter/router.go:221.61,222.20 1 1
gateway/pkg/dep/sources/https---github.com-julienschmidt-httprouter/router.go:226.2,226.20 1 1
gateway/pkg/dep/sources/https---github.com-julienschmidt-httprouter/router.go:230.2,231.17 2 1
gateway/pkg/dep/sources/https---github.com-julienschmidt-httprouter/router.go:236.2,236.29 1 1
gateway/pkg/dep/sources/https---github.com-julienschmidt-httprouter/router.go:222.20,223.59 1 1
gateway/pkg/dep/sources/https---github.com-julienschmidt-httprouter/router.go:226.20,228.3 1 1
gateway/pkg/dep/sources/https---github.com-julienschmidt-httprouter/router.go:231.17,234.3 2 1
gateway/pkg/dep/sources/https---github.com-julienschmidt-httprouter/router.go:241.77,243.2 1 1
gateway/pkg/dep/sources/https---github.com-julienschmidt-httprouter/router.go:255.64,256.59 1 1
gateway/pkg/dep/sources/https---github.com-julienschmidt-httprouter/router.go:260.2,262.72 2 1
gateway/pkg/dep/sources/https---github.com-julienschmidt-httprouter/router.go:256.59,257.64 1 1
gateway/pkg/dep/sources/https---github.com-julienschmidt-httprouter/router.go:262.72,265.3 2 1
gateway/pkg/dep/sources/https---github.com-julienschmidt-httprouter/router.go:268.65,269.34 1 1
gateway/pkg/dep/sources/https---github.com-julienschmidt-httprouter/router.go:269.34,271.3 1 1
gateway/pkg/dep/sources/https---github.com-julienschmidt-httprouter/router.go:279.69,280.42 1 1
gateway/pkg/dep/sources/https---github.com-julienschmidt-httprouter/router.go:283.2,283.24 1 1
gateway/pkg/dep/sources/https---github.com-julienschmidt-httprouter/router.go:280.42,282.3 1 1
gateway/pkg/dep/sources/https---github.com-julienschmidt-httprouter/router.go:286.65,287.17 1 1
gateway/pkg/dep/sources/https---github.com-julienschmidt-httprouter/router.go:318.2,318.20 1 1
gateway/pkg/dep/sources/https---github.com-julienschmidt-httprouter/router.go:321.2,321.8 1 1
gateway/pkg/dep/sources/https---github.com-julienschmidt-httprouter/router.go:287.17,288.31 1 1
gateway/pkg/dep/sources/https---github.com-julienschmidt-httprouter/router.go:288.31,289.27 1 1
gateway/pkg/dep/sources/https---github.com-julienschmidt-httprouter/router.go:294.4,294.23 1 1
gateway/pkg/dep/sources/https---github.com-julienschmidt-httprouter/router.go:289.27,290.13 1 1
gateway/pkg/dep/sources/https---github.com-julienschmidt-httprouter/router.go:294.23,296.5 1 1
gateway/pkg/dep/sources/https---github.com-julienschmidt-httprouter/router.go:296.10,298.5 1 1
gateway/pkg/dep/sources/https---github.com-julienschmidt-httprouter/router.go:300.8,301.31 1 1
gateway/pkg/dep/sources/https---github.com-julienschmidt-httprouter/router.go:301.31,303.50 1 1
gateway/pkg/dep/sources/https---github.com-julienschmidt-httprouter/router.go:307.4,308.21 2 1
gateway/pkg/dep/sources/https---github.com-julienschmidt-httprouter/router.go:303.50,304.13 1 1
gateway/pkg/dep/sources/https---github.com-julienschmidt-httprouter/router.go:308.21,310.24 1 1
gateway/pkg/dep/sources/https---github.com-julienschmidt-httprouter/router.go:310.24,312.6 1 1
gateway/pkg/dep/sources/https---github.com-julienschmidt-httprouter/router.go:312.11,314.6 1 1
gateway/pkg/dep/sources/https---github.com-julienschmidt-httprouter/router.go:318.20,320.3 1 1
gateway/pkg/dep/sources/https---github.com-julienschmidt-httprouter/router.go:325.70,326.27 1 1
gateway/pkg/dep/sources/https---github.com-julienschmidt-httprouter/router.go:330.2,332.46 2 1
gateway/pkg/dep/sources/https---github.com-julienschmidt-httprouter/router.go:369.2,369.48 1 1
gateway/pkg/dep/sources/https---github.com-julienschmidt-httprouter/router.go:394.2,394.23 1 1
gateway/pkg/dep/sources/https---github.com-julienschmidt-httprouter/router.go:326.27,328.3 1 1
gateway/pkg/dep/sources/https---github.com-julienschmidt-httprouter/router.go:332.46,333.60 1 1
gateway/pkg/dep/sources/https---github.com-julienschmidt-httprouter/router.go:333.60,336.4 2 1
gateway/pkg/dep/sources/https---github.com-julienschmidt-httprouter/router.go:336.9,336.52 1 1
gateway/pkg/dep/sources/https---github.com-julienschmidt-httprouter/router.go:336.52,338.27 2 1
gateway/pkg/dep/sources/https---github.com-julienschmidt-httprouter/router.go:344.4,344.38 1 1
gateway/pkg/dep/sources/https---github.com-julienschmidt-httprouter/router.go:355.4,355.27 1 1
gateway/pkg/dep/sources/https---github.com-julienschmidt-httprouter/router.go:338.27,342.5 1 1
gateway/pkg/dep/sources/https---github.com-julienschmidt-httprouter/router.go:344.38,345.50 1 1
gateway/pkg/dep/sources/https---github.com-julienschmidt-httprouter/router.go:350.5,351.11 2 1
gateway/pkg/dep/sources/https---github.com-julienschmidt-httprouter/router.go:345.50,347.6 1 1
gateway/pkg/dep/sources/https---github.com-julienschmidt-httprouter/router.go:347.11,349.6 1 1
gateway/pkg/dep/sources/https---github.com-julienschmidt-httprouter/router.go:355.27,360.14 2 1
gateway/pkg/dep/sources/https---github.com-julienschmidt-httprouter/router.go:360.14,364.6 3 1
gateway/pkg/dep/sources/https---github.com-julienschmidt-httprouter/router.go:369.48,371.59 1 1
gateway/pkg/dep/sources/https---github.com-julienschmidt-httprouter/router.go:371.59,374.4 2 1
gateway/pkg/dep/sources/https---github.com-julienschmidt-httprouter/router.go:375.8,377.31 1 1
gateway/pkg/dep/sources/https---github.com-julienschmidt-httprouter/router.go:377.31,378.60 1 1
gateway/pkg/dep/sources/https---github.com-julienschmidt-httprouter/router.go:378.60,380.34 2 1
gateway/pkg/dep/sources/https---github.com-julienschmidt-httprouter/router.go:388.5,388.11 1 1
gateway/pkg/dep/sources/https---github.com-julienschmidt-httprouter/router.go:380.34,382.6 1 1
gateway/pkg/dep/sources/https---github.com-julienschmidt-httprouter/router.go:382.11,387.6 1 1
gateway/pkg/dep/sources/https---github.com-julienschmidt-httprouter/router.go:394.23,396.3 1 1
gateway/pkg/dep/sources/https---github.com-julienschmidt-httprouter/router.go:396.8,398.3 1 1
gateway/pkg/dep/sources/https---github.com-julienschmidt-httprouter/tree.go:13.24,14.12 1 1
gateway/pkg/dep/sources/https---github.com-julienschmidt-httprouter/tree.go:17.2,17.10 1 1
gateway/pkg/dep/sources/https---github.com-julienschmidt-httprouter/tree.go:14.12,16.3 1 1
gateway/pkg/dep/sources/https---github.com-julienschmidt-httprouter/tree.go:20.37,22.33 2 1
gateway/pkg/dep/sources/https---github.com-julienschmidt-httprouter/tree.go:28.2,28.14 1 1
gateway/pkg/dep/sources/https---github.com-julienschmidt-httprouter/tree.go:31.2,31.17 1 1
gateway/pkg/dep/sources/https---github.com-julienschmidt-httprouter/tree.go:22.33,23.39 1 1
gateway/pkg/dep/sources/https---github.com-julienschmidt-httprouter/tree.go:26.3,26.6 1 1
gateway/pkg/dep/sources/https---github.com-julienschmidt-httprouter/tree.go:23.39,24.12 1 1
gateway/pkg/dep/sources/https---github.com-julienschmidt-httprouter/tree.go:28.14,30.3 1 1
gateway/pkg/dep/sources/https---github.com-julienschmidt-httprouter/tree.go:55.48,61.57 4 1
gateway/pkg/dep/sources/https---github.com-julienschmidt-httprouter/tree.go:69.2,69.19 1 1
gateway/pkg/dep/sources/https---github.com-julienschmidt-httprouter/tree.go:75.2,75.15 1 1
gateway/pkg/dep/sources/https---github.com-julienschmidt-httprouter/tree.go:61.57,66.3 2 1
gateway/pkg/dep/sources/https---github.com-julienschmidt-httprouter/tree.go:69.19,73.3 1 1
gateway/pkg/dep/sources/https---github.com-julienschmidt-httprouter/tree.go:80.53,86.44 4 1
gateway/pkg/dep/sources/https---github.com-julienschmidt-httprouter/tree.go:86.44,88.7 1 1
gateway/pkg/dep/sources/https---github.com-julienschmidt-httprouter/tree.go:88.7,90.31 1 1
gateway/pkg/dep/sources/https---github.com-julienschmidt-httprouter/tree.go:97.4,99.40 3 1
gateway/pkg/dep/sources/https---github.com-julienschmidt-httprouter/tree.go:104.4,104.23 1 1
gateway/pkg/dep/sources/https---github.com-julienschmidt-httprouter/tree.go:131.4,131.21 1 1
gateway/pkg/dep/sources/https---github.com-julienschmidt-httprouter/tree.go:204.4,204.10 1 1
gateway/pkg/dep/sources/https---github.com-julienschmidt-httprouter/tree.go:90.31,92.5 1 1
gateway/pkg/dep/sources/https---github.com-julienschmidt-httprouter/tree.go:99.40,101.5 1 1
gateway/pkg/dep/sources/https---github.com-julienschmidt-httprouter/tree.go:104.23,116.35 2 1
gateway/pkg/dep/sources/https---github.com-julienschmidt-httprouter/tree.go:122.5,127.24 5 1
gateway/pkg/dep/sources/https---github.com-julienschmidt-httprouter/tree.go:116.35,117.55 1 1
gateway/pkg/dep/sources/https---github.com-julienschmidt-httprouter/tree.go:117.55,119.7 1 1
gateway/pkg/dep/sources/https---github.com-julienschmidt-httprouter/tree.go:131.21,134.20 2 1
gateway/pkg/dep/sources/https---github.com-julienschmidt-httprouter/tree.go:166.5,169.61 2 1
gateway/pkg/dep/sources/https---github.com-julienschmidt-httprouter/tree.go:176.5,176.41 1 1
gateway/pkg/dep/sources/https---github.com-julienschmidt-httprouter/tree.go:185.5,185.29 1 1
gateway/pkg/dep/sources/https---github.com-julienschmidt-httprouter/tree.go:195.5,196.11 2 1
gateway/pkg/dep/sources/https---github.com-julienschmidt-httprouter/tree.go:134.20,139.33 3 1
gateway/pkg/dep/sources/https---github.com-julienschmidt-httprouter/tree.go:142.6,147.62 2 1
gateway/pkg/dep/sources/https---github.com-julienschmidt-httprouter/tree.go:139.33,141.7 1 1
gateway/pkg/dep/sources/https---github.com-julienschmidt-httprouter/tree.go:147.62,148.20 1 1
gateway/pkg/dep/sources/https---github.com-julienschmidt-httprouter/tree.go:149.12,152.30 2 1
gateway/pkg/dep/sources/https---github.com-julienschmidt-httprouter/tree.go:157.7,162.12 2 1
gateway/pkg/dep/sources/https---github.com-julienschmidt-httprouter/tree.go:152.30,154.8 1 1
gateway/pkg/dep/sources/https---github.com-julienschmidt-httprouter/tree.go:154.13,156.8 1 1
gateway/pkg/dep/sources/https---github.com-julienschmidt-httprouter/tree.go:169.61,172.19 3 1
gateway/pkg/dep/sources/https---github.com-julienschmidt-httprouter/tree.go:176.41,177.27 1 1
gateway/pkg/dep/sources/https---github.com-julienschmidt-httprouter/tree.go:177.27,180.20 3 1
gateway/pkg/dep/sources/https---github.com-julienschmidt-httprouter/tree.go:185.29,194.6 5 1
gateway/pkg/dep/sources/https---github.com-julienschmidt-httprouter/tree.go:198.10,198.29 1 1
gateway/pkg/dep/sources/https---github.com-julienschmidt-httprouter/tree.go:198.29,199.24 1 1
gateway/pkg/dep/sources/https---github.com-julienschmidt-httprouter/tree.go:202.5,202.22 1 1
gateway/pkg/dep/sources/https---github.com-julienschmidt-httprouter/tree.go:199.24,200.73 1 1
gateway/pkg/dep/sources/https---github.com-julienschmidt-httprouter/tree.go:206.8,209.3 2 1
gateway/pkg/dep/sources/https---github.com-julienschmidt-httprouter/tree.go:212.83,216.49 2 1
gateway/pkg/dep/sources/https---github.com-julienschmidt-httprouter/tree.go:321.2,322.19 2 1
gateway/pkg/dep/sources/https---github.com-julienschmidt-httprouter/tree.go:216.49,218.27 2 1
gateway/pkg/dep/sources/https---github.com-julienschmidt-httprouter/tree.go:223.3,224.37 2 1
gateway/pkg/dep/sources/https---github.com-julienschmidt-httprouter/tree.go:237.3,237.26 1 1
gateway/pkg/dep/sources/https---github.com-julienschmidt-httprouter/tree.go:243.3,243.16 1 1
gateway/pkg/dep/sources/https---github.com-julienschmidt-httprouter/tree.go:247.3,247.15 1 1
gateway/pkg/dep/sources/https---github.com-julienschmidt-httprouter/tree.go:218.27,219.12 1 1
gateway/pkg/dep/sources/https---github.com-julienschmidt-httprouter/tree.go:224.37,225.21 1 1
gateway/pkg/dep/sources/https---github.com-julienschmidt-httprouter/tree.go:227.18,229.48 1 1
gateway/pkg/dep/sources/https---github.com-julienschmidt-httprouter/tree.go:230.12,231.10 1 1
gateway/pkg/dep/sources/https---github.com-julienschmidt-httprouter/tree.go:237.26,239.69 1 1
gateway/pkg/dep/sources/https---github.com-julienschmidt-httprouter/tree.go:243.16,244.85 1 1
gateway/pkg/dep/sources/https---github.com-julienschmidt-httprouter/tree.go:247.15,249.13 1 1
gateway/pkg/dep/sources/https---github.com-julienschmidt-httprouter/tree.go:254.4,266.17 7 1
gateway/pkg/dep/sources/https---github.com-julienschmidt-httprouter/tree.go:249.13,252.5 2 1
gateway/pkg/dep/sources/https---github.com-julienschmidt-httprouter/tree.go:266.17,276.5 5 1
gateway/pkg/dep/sources/https---github.com-julienschmidt-httprouter/tree.go:278.9,279.35 1 1
gateway/pkg/dep/sources/https---github.com-julienschmidt-httprouter/tree.go:283.4,283.55 1 1
gateway/pkg/dep/sources/https---github.com-julienschmidt-httprouter/tree.go:288.4,289.22 2 1
gateway/pkg/dep/sources/https---github.com-julienschmidt-httprouter/tree.go:293.4,316.10 9 1
gateway/pkg/dep/sources/https---github.com-julienschmidt-httprouter/tree.go:279.35,280.97 1 1
gateway/pkg/dep/sources/https---github.com-julienschmidt-httprouter/tree.go:283.55,284.107 1 1
gateway/pkg/dep/sources/https---github.com-julienschmidt-httprouter/tree.go:289.22,290.62 1 1
gateway/pkg/dep/sources/https---github.com-julienschmidt-httprouter/tree.go:330.74,332.6 1 1
gateway/pkg/dep/sources/https---github.com-julienschmidt-httprouter/tree.go:332.6,333.30 1 1
gateway/pkg/dep/sources/https---github.com-julienschmidt-httprouter/tree.go:446.3,449.9 2 1
gateway/pkg/dep/sources/https---github.com-julienschmidt-httprouter/tree.go:333.30,334.36 1 1
gateway/pkg/dep/sources/https---github.com-julienschmidt-httprouter/tree.go:334.36,339.21 2 1
gateway/pkg/dep/sources/https---github.com-julienschmidt-httprouter/tree.go:357.5,358.20 2 1
gateway/pkg/dep/sources/https---github.com-julienschmidt-httprouter/tree.go:339.21,341.42 2 1
gateway/pkg/dep/sources/https---github.com-julienschmidt-httprouter/tree.go:351.6,352.12 2 1
gateway/pkg/dep/sources/https---github.com-julienschmidt-httprouter/tree.go:341.42,342.28 1 1
gateway/pkg/dep/sources/https---github.com-julienschmidt-httprouter/tree.go:342.28,344.21 2 1
gateway/pkg/dep/sources/https---github.com-julienschmidt-httprouter/tree.go:359.16,362.46 2 1
gateway/pkg/dep/sources/https---github.com-julienschmidt-httprouter/tree.go:367.6,367.18 1 1
gateway/pkg/dep/sources/https---github.com-julienschmidt-httprouter/tree.go:371.6,377.25 5 1
gateway/pkg/dep/sources/https---github.com-julienschmidt-httprouter/tree.go:389.6,389.42 1 1
gateway/pkg/dep/sources/https---github.com-julienschmidt-httprouter/tree.go:398.6,398.12 1 1
gateway/pkg/dep/sources/https---github.com-julienschmidt-httprouter/tree.go:400.19,402.18 1 1
gateway/pkg/dep/sources/https---github.com-julienschmidt-httprouter/tree.go:406.6,412.12 6 1
gateway/pkg/dep/sources/https---github.com-julienschmidt-httprouter/tree.go:414.13,415.32 1 1
gateway/pkg/dep/sources/https---github.com-julienschmidt-httprouter/tree.go:362.46,364.7 1 1
gateway/pkg/dep/sources/https---github.com-julienschmidt-httprouter/tree.go:367.18,370.7 1 1
gateway/pkg/dep/sources/https---github.com-julienschmidt-httprouter/tree.go:377.25,378.30 1 1
gateway/pkg/dep/sources/https---github.com-julienschmidt-httprouter/tree.go:385.7,386.13 2 1
gateway/pkg/dep/sources/https---github.com-julienschmidt-httprouter/tree.go:378.30,381.21 3 1
gateway/pkg/dep/sources/https---github.com-julienschmidt-httprouter/tree.go:389.42,391.7 1 1
gateway/pkg/dep/sources/https---github.com-julienschmidt-httprouter/tree.go:391.12,391.37 1 1
gateway/pkg/dep/sources/https---github.com-julienschmidt-httprouter/tree.go:391.37,396.7 2 1
gateway/pkg/dep/sources/https---github.com-julienschmidt-httprouter/tree.go:402.18,405.7 1 1
gateway/pkg/dep/sources/https---github.com-julienschmidt-httprouter/tree.go:418.9,418.28 1 1
gateway/pkg/dep/sources/https---github.com-julienschmidt-httprouter/tree.go:418.28,421.40 1 1
gateway/pkg/dep/sources/https---github.com-julienschmidt-httprouter/tree.go:425.4,425.53 1 1
gateway/pkg/dep/sources/https---github.com-julienschmidt-httprouter/tree.go:432.4,432.40 1 1
gateway/pkg/dep/sources/https---github.com-julienschmidt-httprouter/tree.go:441.4,441.10 1 1
gateway/pkg/dep/sources/https---github.com-julienschmidt-httprouter/tree.go:421.40,423.5 1 1
gateway/pkg/dep/sources/https---github.com-julienschmidt-httprouter/tree.go:425.53,428.5 2 1
gateway/pkg/dep/sources/https---github.com-julienschmidt-httprouter/tree.go:432.40,433.28 1 1
gateway/pkg/dep/sources/https---github.com-julienschmidt-httprouter/tree.go:433.28,438.6 3 1
gateway/pkg/dep/sources/https---github.com-julienschmidt-httprouter/tree.go:457.104,465.2 1 1
gateway/pkg/dep/sources/https---github.com-julienschmidt-httprouter/tree.go:468.49,469.11 1 1
gateway/pkg/dep/sources/https---github.com-julienschmidt-httprouter/tree.go:470.9,471.12 1 1
gateway/pkg/dep/sources/https---github.com-julienschmidt-httprouter/tree.go:472.9,473.41 1 1
gateway/pkg/dep/sources/https---github.com-julienschmidt-httprouter/tree.go:474.9,475.31 1 1
gateway/pkg/dep/sources/https---github.com-julienschmidt-httprouter/tree.go:476.9,477.24 1 1
gateway/pkg/dep/sources/https---github.com-julienschmidt-httprouter/tree.go:478.10,479.19 1 1
gateway/pkg/dep/sources/https---github.com-julienschmidt-httprouter/tree.go:484.129,488.98 2 1
gateway/pkg/dep/sources/https---github.com-julienschmidt-httprouter/tree.go:646.2,646.22 1 1
gateway/pkg/dep/sources/https---github.com-julienschmidt-httprouter/tree.go:655.2,655.22 1 1
gateway/pkg/dep/sources/https---github.com-julienschmidt-httprouter/tree.go:488.98,492.47 2 1
gateway/pkg/dep/sources/https---github.com-julienschmidt-httprouter/tree.go:492.47,499.20 3 1
gateway/pkg/dep/sources/https---github.com-julienschmidt-httprouter/tree.go:571.4,572.19 2 1
gateway/pkg/dep/sources/https---github.com-julienschmidt-httprouter/tree.go:499.20,503.19 2 1
gateway/pkg/dep/sources/https---github.com-julienschmidt-httprouter/tree.go:568.5,568.72 1 1
gateway/pkg/dep/sources/https---github.com-julienschmidt-httprouter/tree.go:503.19,505.42 1 1
gateway/pkg/dep/sources/https---github.com-julienschmidt-httprouter/tree.go:505.42,506.32 1 1
gateway/pkg/dep/sources/https---github.com-julienschmidt-httprouter/tree.go:506.32,510.21 3 1
gateway/pkg/dep/sources/https---github.com-julienschmidt-httprouter/tree.go:513.11,521.56 3 1
gateway/pkg/dep/sources/https---github.com-julienschmidt-httprouter/tree.go:530.6,534.42 3 1
gateway/pkg/dep/sources/https---github.com-julienschmidt-httprouter/tree.go:550.6,550.45 1 1
gateway/pkg/dep/sources/https---github.com-julienschmidt-httprouter/tree.go:521.56,522.60 1 1
gateway/pkg/dep/sources/https---github.com-julienschmidt-httprouter/tree.go:522.60,525.13 2 1
gateway/pkg/dep/sources/https---github.com-julienschmidt-httprouter/tree.go:534.42,536.32 1 1
gateway/pkg/dep/sources/https---github.com-julienschmidt-httprouter/tree.go:536.32,542.17 1 1
gateway/pkg/dep/sources/https---github.com-julienschmidt-httprouter/tree.go:545.8,545.13 1 1
gateway/pkg/dep/sources/https---github.com-julienschmidt-httprouter/tree.go:542.17,544.9 1 1
gateway/pkg/dep/sources/https---github.com-julienschmidt-httprouter/tree.go:550.45,554.43 3 1
gateway/pkg/dep/sources/https---github.com-julienschmidt-httprouter/tree.go:554.43,556.33 1 1
gateway/pkg/dep/sources/https---github.com-julienschmidt-httprouter/tree.go:556.33,560.22 3 1
gateway/pkg/dep/sources/https---github.com-julienschmidt-httprouter/tree.go:573.15,576.41 2 1
gateway/pkg/dep/sources/https---github.com-julienschmidt-httprouter/tree.go:581.5,584.22 2 1
gateway/pkg/dep/sources/https---github.com-julienschmidt-httprouter/tree.go:601.5,601.24 1 1
gateway/pkg/dep/sources/https---github.com-julienschmidt-httprouter/tree.go:611.5,611.25 1 1
gateway/pkg/dep/sources/https---github.com-julienschmidt-httprouter/tree.go:613.18,614.41 1 1
gateway/pkg/dep/sources/https---github.com-julienschmidt-httprouter/tree.go:616.12,617.31 1 1
gateway/pkg/dep/sources/https---github.com-julienschmidt-httprouter/tree.go:576.41,578.6 1 1
gateway/pkg/dep/sources/https---github.com-julienschmidt-httprouter/tree.go:584.22,585.29 1 1
gateway/pkg/dep/sources/https---github.com-julienschmidt-httprouter/tree.go:595.6,595.46 1 1
gateway/pkg/dep/sources/https---github.com-julienschmidt-httprouter/tree.go:598.6,598.26 1 1
gateway/pkg/dep/sources/https---github.com-julienschmidt-httprouter/tree.go:585.29,591.15 5 1
gateway/pkg/dep/sources/https---github.com-julienschmidt-httprouter/tree.go:595.46,597.7 1 1
gateway/pkg/dep/sources/https---github.com-julienschmidt-httprouter/tree.go:601.24,603.6 1 1
gateway/pkg/dep/sources/https---github.com-julienschmidt-httprouter/tree.go:603.11,603.56 1 1
gateway/pkg/dep/sources/https---github.com-julienschmidt-httprouter/tree.go:603.56,607.42 2 1
gateway/pkg/dep/sources/https---github.com-julienschmidt-httprouter/tree.go:607.42,609.7 1 1
gateway/pkg/dep/sources/https---github.com-julienschmidt-httprouter/tree.go:619.9,622.23 1 1
gateway/pkg/dep/sources/https---github.com-julienschmidt-httprouter/tree.go:628.4,628.24 1 1
gateway/pkg/dep/sources/https---github.com-julienschmidt-httprouter/tree.go:640.4,640.24 1 1
gateway/pkg/dep/sources/https---github.com-julienschmidt-httprouter/tree.go:622.23,624.5 1 1
gateway/pkg/dep/sources/https---github.com-julienschmidt-httprouter/tree.go:628.24,629.41 1 1
gateway/pkg/dep/sources/https---github.com-julienschmidt-httprouter/tree.go:629.41,630.29 1 1
gateway/pkg/dep/sources/https---github.com-julienschmidt-httprouter/tree.go:630.29,633.61 2 1
gateway/pkg/dep/sources/https---github.com-julienschmidt-httprouter/tree.go:636.7,636.27 1 1
gateway/pkg/dep/sources/https---github.com-julienschmidt-httprouter/tree.go:633.61,635.8 1 1
gateway/pkg/dep/sources/https---github.com-julienschmidt-httprouter/tree.go:646.22,647.18 1 1
gateway/pkg/dep/sources/https---github.com-julienschmidt-httprouter/tree.go:650.3,651.60 1 1
gateway/pkg/dep/sources/https---github.com-julienschmidt-httprouter/tree.go:647.18,649.4 1 1
gateway/pkg/dep/sources/https---github.com-julienschmidt-httprouter/tree.go:651.60,653.4 1 1
gateway/api/handlers/aiHandler.go:11.57,18.26 4 1
gateway/api/handlers/aiHandler.go:23.2,30.33 4 1
gateway/api/handlers/aiHandler.go:18.26,21.3 2 1
gateway/api/handlers/backendHandler.go:11.55,20.33 6 0
gateway/api/handlers/backendHandler.go:26.2,34.31 7 0
gateway/api/handlers/backendHandler.go:39.2,39.19 1 0
gateway/api/handlers/backendHandler.go:53.2,56.16 2 0
gateway/api/handlers/backendHandler.go:63.2,63.31 1 0
gateway/api/handlers/backendHandler.go:66.2,67.22 2 0
gateway/api/handlers/backendHandler.go:74.2,78.8 3 0
gateway/api/handlers/backendHandler.go:20.33,21.45 1 0
gateway/api/handlers/backendHandler.go:24.3,24.26 1 0
gateway/api/handlers/backendHandler.go:21.45,23.4 1 0
gateway/api/handlers/backendHandler.go:34.31,36.3 1 0
gateway/api/handlers/backendHandler.go:39.19,41.17 2 0
gateway/api/handlers/backendHandler.go:41.17,45.4 3 0
gateway/api/handlers/backendHandler.go:45.9,46.37 1 0
gateway/api/handlers/backendHandler.go:46.37,48.5 1 0
gateway/api/handlers/backendHandler.go:56.16,60.3 3 0
gateway/api/handlers/backendHandler.go:63.31,65.3 1 0
gateway/api/handlers/backendHandler.go:67.22,71.3 3 0
gateway/api/handlers/healthHandler.go:9.58,15.2 3 1
gateway/api/handlers/microHandler.go:12.80,19.26 4 1
gateway/api/handlers/microHandler.go:25.2,26.17 2 1
gateway/api/handlers/microHandler.go:32.2,38.33 4 1
gateway/api/handlers/microHandler.go:19.26,22.3 2 1
gateway/api/handlers/microHandler.go:26.17,30.3 3 1
