mode: set
gateway/api/handlers/healthHandler.go:9.58,15.2 3 1
gateway/api/handlers/microHandler.go:12.80,19.26 4 1
gateway/api/handlers/microHandler.go:25.2,26.17 2 1
gateway/api/handlers/microHandler.go:32.2,38.33 4 1
gateway/api/handlers/microHandler.go:19.26,22.3 2 1
gateway/api/handlers/microHandler.go:26.17,30.3 3 1
gateway/api/handlers/aiHandler.go:11.57,18.26 4 1
gateway/api/handlers/aiHandler.go:23.2,30.33 4 1
gateway/api/handlers/aiHandler.go:18.26,21.3 2 1
gateway/api/handlers/backendHandler.go:11.55,20.33 6 0
gateway/api/handlers/backendHandler.go:26.2,34.31 7 0
gateway/api/handlers/backendHandler.go:39.2,39.19 1 0
gateway/api/handlers/backendHandler.go:53.2,56.16 2 0
gateway/api/handlers/backendHandler.go:63.2,63.31 1 0
gateway/api/handlers/backendHandler.go:66.2,67.22 2 0
gateway/api/handlers/backendHandler.go:74.2,78.8 3 0
gateway/api/handlers/backendHandler.go:20.33,21.45 1 0
gateway/api/handlers/backendHandler.go:24.3,24.26 1 0
gateway/api/handlers/backendHandler.go:21.45,23.4 1 0
gateway/api/handlers/backendHandler.go:34.31,36.3 1 0
gateway/api/handlers/backendHandler.go:39.19,41.17 2 0
gateway/api/handlers/backendHandler.go:41.17,45.4 3 0
gateway/api/handlers/backendHandler.go:45.9,46.37 1 0
gateway/api/handlers/backendHandler.go:46.37,48.5 1 0
gateway/api/handlers/backendHandler.go:56.16,60.3 3 0
gateway/api/handlers/backendHandler.go:63.31,65.3 1 0
gateway/api/handlers/backendHandler.go:67.22,71.3 3 0
